<?xml version="1.0" encoding="UTF-8"?>
<testng-results total="2" passed="2" failed="0" skipped="0">
  <reporter-output>
  </reporter-output>
  <suite started-at="2024-06-30T15:48:53Z" name="Default suite" finished-at="2024-06-30T15:48:53Z" duration-ms="55">
    <groups>
    </groups>
    <test started-at="2024-06-30T15:48:53Z" name="Default test" finished-at="2024-06-30T15:48:53Z" duration-ms="55">
      <class name="org.name.Demotwo">
        <test-method signature="test11()[pri:0, instance:org.name.Demotwo@6d07a63d]" started-at="2024-06-30T21:18:53Z" name="test11" finished-at="2024-06-30T21:18:53Z" duration-ms="18" status="PASS">
          <reporter-output>
          </reporter-output>
        </test-method> <!-- test11 -->
        <test-method signature="test11()[pri:0, instance:org.name.Demotwo@6d07a63d]" started-at="2024-06-30T21:18:53Z" name="test11" finished-at="2024-06-30T21:18:53Z" duration-ms="3" status="PASS">
          <reporter-output>
          </reporter-output>
        </test-method> <!-- test11 -->
      </class> <!-- org.name.Demotwo -->
    </test> <!-- Default test -->
  </suite> <!-- Default suite -->
</testng-results>
